2563-11-10 14:04:11,837 [Worker-3: Loading available Gradle versions] INFO  o.e.b.c.i.u.g.PublishedGradleVersions - Gradle version information cache is out-of-date. Trying to update.
2563-11-10 14:15:04,356 [Worker-5: Loading available Gradle versions] INFO  o.e.b.c.i.u.g.PublishedGradleVersions - Gradle version information cache is up-to-date. Trying to read.
2563-11-10 14:18:02,946 [Worker-1: Creating maven-archetype-quickstart] INFO  o.e.m.c.i.p.ProjectConfigurationManager - Collecting project info '/pom.xml' C:\Users\LAB203\Desktop\E-commerce-Payment\payment\pom.xml
2563-11-10 14:18:11,002 [Worker-1: Creating maven-archetype-quickstart] INFO  o.e.m.c.i.l.LifecycleMappingFactory - Using org.eclipse.m2e.jdt.JarLifecycleMapping lifecycle mapping for MavenProject: youngNo:payment:0.0.1-SNAPSHOT @ C:\Users\LAB203\Desktop\E-commerce-Payment\payment\pom.xml.
2563-11-10 14:18:13,306 [Worker-1: Creating maven-archetype-quickstart] INFO  o.e.m.j.i.AbstractJavaProjectConfigurator - Adding source folder /payment/src/main/java
2563-11-10 14:18:13,319 [Worker-1: Creating maven-archetype-quickstart] INFO  o.e.m.j.i.AbstractJavaProjectConfigurator - Adding source folder /payment/src/test/java
2563-11-10 14:18:20,832 [Worker-1: Creating maven-archetype-quickstart] INFO  o.e.m.c.i.p.ProjectConfigurationManager - Imported and configured 1 project(s) in 17 sec
2563-11-10 14:18:22,136 [Worker-1: Building] INFO  o.e.m.c.i.embedder.EclipseLogger - Using 'UTF-8' encoding to copy filtered resources.
2563-11-10 14:18:22,136 [Worker-1: Building] INFO  o.e.m.c.i.embedder.EclipseLogger - skip non existing resourceDirectory C:\Users\LAB203\Desktop\E-commerce-Payment\payment\src\main\resources
2563-11-10 14:18:22,137 [Worker-1: Building] INFO  o.e.m.c.i.embedder.EclipseLogger - Using 'UTF-8' encoding to copy filtered resources.
2563-11-10 14:18:22,138 [Worker-1: Building] INFO  o.e.m.c.i.embedder.EclipseLogger - skip non existing resourceDirectory C:\Users\LAB203\Desktop\E-commerce-Payment\payment\src\test\resources
2563-11-10 14:25:11,159 [Worker-28: Building] INFO  o.e.m.c.i.l.LifecycleMappingFactory - Using org.eclipse.m2e.jdt.JarLifecycleMapping lifecycle mapping for MavenProject: youngNo:payment:0.0.1-SNAPSHOT @ C:\Users\LAB203\Desktop\E-commerce-Payment\payment\pom.xml.
2563-11-10 14:25:11,933 [Worker-28: Building] INFO  o.e.m.c.i.embedder.EclipseLogger - Using 'UTF-8' encoding to copy filtered resources.
2563-11-10 14:25:11,933 [Worker-28: Building] INFO  o.e.m.c.i.embedder.EclipseLogger - skip non existing resourceDirectory C:\Users\LAB203\Desktop\E-commerce-Payment\payment\src\main\resources
2563-11-10 14:25:11,935 [Worker-28: Building] INFO  o.e.m.c.i.embedder.EclipseLogger - Using 'UTF-8' encoding to copy filtered resources.
2563-11-10 14:25:11,936 [Worker-28: Building] INFO  o.e.m.c.i.embedder.EclipseLogger - skip non existing resourceDirectory C:\Users\LAB203\Desktop\E-commerce-Payment\payment\src\test\resources
2563-11-10 14:25:13,327 [Worker-25: Building] INFO  o.e.m.c.i.embedder.EclipseLogger - Using 'UTF-8' encoding to copy filtered resources.
2563-11-10 14:25:13,328 [Worker-25: Building] INFO  o.e.m.c.i.embedder.EclipseLogger - skip non existing resourceDirectory C:\Users\LAB203\Desktop\E-commerce-Payment\payment\src\main\resources
2563-11-10 14:25:13,329 [Worker-25: Building] INFO  o.e.m.c.i.embedder.EclipseLogger - Using 'UTF-8' encoding to copy filtered resources.
2563-11-10 14:25:13,329 [Worker-25: Building] INFO  o.e.m.c.i.embedder.EclipseLogger - skip non existing resourceDirectory C:\Users\LAB203\Desktop\E-commerce-Payment\payment\src\test\resources
2563-11-10 14:27:12,523 [Worker-31: Building] INFO  o.e.m.c.i.embedder.EclipseLogger - Using 'UTF-8' encoding to copy filtered resources.
2563-11-10 14:27:12,524 [Worker-31: Building] INFO  o.e.m.c.i.embedder.EclipseLogger - skip non existing resourceDirectory C:\Users\LAB203\Desktop\E-commerce-Payment\payment\src\main\resources
2563-11-10 14:27:12,525 [Worker-31: Building] INFO  o.e.m.c.i.embedder.EclipseLogger - Using 'UTF-8' encoding to copy filtered resources.
2563-11-10 14:27:12,525 [Worker-31: Building] INFO  o.e.m.c.i.embedder.EclipseLogger - skip non existing resourceDirectory C:\Users\LAB203\Desktop\E-commerce-Payment\payment\src\test\resources
2563-11-10 14:27:53,412 [Worker-31: Building] INFO  o.e.m.c.i.embedder.EclipseLogger - Using 'UTF-8' encoding to copy filtered resources.
2563-11-10 14:27:53,412 [Worker-31: Building] INFO  o.e.m.c.i.embedder.EclipseLogger - skip non existing resourceDirectory C:\Users\LAB203\Desktop\E-commerce-Payment\payment\src\main\resources
2563-11-10 14:27:53,413 [Worker-31: Building] INFO  o.e.m.c.i.embedder.EclipseLogger - Using 'UTF-8' encoding to copy filtered resources.
2563-11-10 14:27:53,413 [Worker-31: Building] INFO  o.e.m.c.i.embedder.EclipseLogger - skip non existing resourceDirectory C:\Users\LAB203\Desktop\E-commerce-Payment\payment\src\test\resources
2563-11-10 14:28:03,091 [Worker-25: Building] INFO  o.e.m.c.i.embedder.EclipseLogger - Using 'UTF-8' encoding to copy filtered resources.
2563-11-10 14:28:03,091 [Worker-25: Building] INFO  o.e.m.c.i.embedder.EclipseLogger - skip non existing resourceDirectory C:\Users\LAB203\Desktop\E-commerce-Payment\payment\src\main\resources
2563-11-10 14:28:03,093 [Worker-25: Building] INFO  o.e.m.c.i.embedder.EclipseLogger - Using 'UTF-8' encoding to copy filtered resources.
2563-11-10 14:28:03,093 [Worker-25: Building] INFO  o.e.m.c.i.embedder.EclipseLogger - skip non existing resourceDirectory C:\Users\LAB203\Desktop\E-commerce-Payment\payment\src\test\resources
2563-11-10 14:29:33,746 [Worker-25: Building] INFO  o.e.m.c.i.embedder.EclipseLogger - Using 'UTF-8' encoding to copy filtered resources.
2563-11-10 14:29:33,747 [Worker-25: Building] INFO  o.e.m.c.i.embedder.EclipseLogger - skip non existing resourceDirectory C:\Users\LAB203\Desktop\E-commerce-Payment\payment\src\main\resources
2563-11-10 14:29:33,748 [Worker-25: Building] INFO  o.e.m.c.i.embedder.EclipseLogger - Using 'UTF-8' encoding to copy filtered resources.
2563-11-10 14:29:33,748 [Worker-25: Building] INFO  o.e.m.c.i.embedder.EclipseLogger - skip non existing resourceDirectory C:\Users\LAB203\Desktop\E-commerce-Payment\payment\src\test\resources
2563-11-10 14:30:53,786 [Worker-32: Building] INFO  o.e.m.c.i.embedder.EclipseLogger - Using 'UTF-8' encoding to copy filtered resources.
2563-11-10 14:30:53,786 [Worker-32: Building] INFO  o.e.m.c.i.embedder.EclipseLogger - skip non existing resourceDirectory C:\Users\LAB203\Desktop\E-commerce-Payment\payment\src\main\resources
2563-11-10 14:30:53,788 [Worker-32: Building] INFO  o.e.m.c.i.embedder.EclipseLogger - Using 'UTF-8' encoding to copy filtered resources.
2563-11-10 14:30:53,788 [Worker-32: Building] INFO  o.e.m.c.i.embedder.EclipseLogger - skip non existing resourceDirectory C:\Users\LAB203\Desktop\E-commerce-Payment\payment\src\test\resources
2563-11-10 14:31:23,383 [Worker-33: Building] INFO  o.e.m.c.i.embedder.EclipseLogger - Using 'UTF-8' encoding to copy filtered resources.
2563-11-10 14:31:23,383 [Worker-33: Building] INFO  o.e.m.c.i.embedder.EclipseLogger - skip non existing resourceDirectory C:\Users\LAB203\Desktop\E-commerce-Payment\payment\src\main\resources
2563-11-10 14:31:23,385 [Worker-33: Building] INFO  o.e.m.c.i.embedder.EclipseLogger - Using 'UTF-8' encoding to copy filtered resources.
2563-11-10 14:31:23,385 [Worker-33: Building] INFO  o.e.m.c.i.embedder.EclipseLogger - skip non existing resourceDirectory C:\Users\LAB203\Desktop\E-commerce-Payment\payment\src\test\resources
2563-11-10 14:31:36,048 [Worker-34: Building] INFO  o.e.m.c.i.embedder.EclipseLogger - Using 'UTF-8' encoding to copy filtered resources.
2563-11-10 14:31:36,049 [Worker-34: Building] INFO  o.e.m.c.i.embedder.EclipseLogger - skip non existing resourceDirectory C:\Users\LAB203\Desktop\E-commerce-Payment\payment\src\main\resources
2563-11-10 14:31:36,050 [Worker-34: Building] INFO  o.e.m.c.i.embedder.EclipseLogger - Using 'UTF-8' encoding to copy filtered resources.
2563-11-10 14:31:36,050 [Worker-34: Building] INFO  o.e.m.c.i.embedder.EclipseLogger - skip non existing resourceDirectory C:\Users\LAB203\Desktop\E-commerce-Payment\payment\src\test\resources
2563-11-10 14:32:17,285 [Worker-32: Building] INFO  o.e.m.c.i.embedder.EclipseLogger - Using 'UTF-8' encoding to copy filtered resources.
2563-11-10 14:32:17,285 [Worker-32: Building] INFO  o.e.m.c.i.embedder.EclipseLogger - skip non existing resourceDirectory C:\Users\LAB203\Desktop\E-commerce-Payment\payment\src\main\resources
2563-11-10 14:32:17,288 [Worker-32: Building] INFO  o.e.m.c.i.embedder.EclipseLogger - Using 'UTF-8' encoding to copy filtered resources.
2563-11-10 14:32:17,288 [Worker-32: Building] INFO  o.e.m.c.i.embedder.EclipseLogger - skip non existing resourceDirectory C:\Users\LAB203\Desktop\E-commerce-Payment\payment\src\test\resources
2563-11-10 14:33:18,076 [Worker-32: Building] INFO  o.e.m.c.i.embedder.EclipseLogger - Using 'UTF-8' encoding to copy filtered resources.
2563-11-10 14:33:18,076 [Worker-32: Building] INFO  o.e.m.c.i.embedder.EclipseLogger - skip non existing resourceDirectory C:\Users\LAB203\Desktop\E-commerce-Payment\payment\src\main\resources
2563-11-10 14:33:18,077 [Worker-32: Building] INFO  o.e.m.c.i.embedder.EclipseLogger - Using 'UTF-8' encoding to copy filtered resources.
2563-11-10 14:33:18,078 [Worker-32: Building] INFO  o.e.m.c.i.embedder.EclipseLogger - skip non existing resourceDirectory C:\Users\LAB203\Desktop\E-commerce-Payment\payment\src\test\resources
2563-11-10 14:34:08,919 [Worker-25: Building] INFO  o.e.m.c.i.embedder.EclipseLogger - Using 'UTF-8' encoding to copy filtered resources.
2563-11-10 14:34:08,920 [Worker-25: Building] INFO  o.e.m.c.i.embedder.EclipseLogger - skip non existing resourceDirectory C:\Users\LAB203\Desktop\E-commerce-Payment\payment\src\main\resources
2563-11-10 14:34:08,921 [Worker-25: Building] INFO  o.e.m.c.i.embedder.EclipseLogger - Using 'UTF-8' encoding to copy filtered resources.
2563-11-10 14:34:08,922 [Worker-25: Building] INFO  o.e.m.c.i.embedder.EclipseLogger - skip non existing resourceDirectory C:\Users\LAB203\Desktop\E-commerce-Payment\payment\src\test\resources
2563-11-10 14:35:12,481 [Worker-28: Building] INFO  o.e.m.c.i.embedder.EclipseLogger - Using 'UTF-8' encoding to copy filtered resources.
2563-11-10 14:35:12,482 [Worker-28: Building] INFO  o.e.m.c.i.embedder.EclipseLogger - skip non existing resourceDirectory C:\Users\LAB203\Desktop\E-commerce-Payment\payment\src\main\resources
2563-11-10 14:35:12,483 [Worker-28: Building] INFO  o.e.m.c.i.embedder.EclipseLogger - Using 'UTF-8' encoding to copy filtered resources.
2563-11-10 14:35:12,484 [Worker-28: Building] INFO  o.e.m.c.i.embedder.EclipseLogger - skip non existing resourceDirectory C:\Users\LAB203\Desktop\E-commerce-Payment\payment\src\test\resources
2563-11-10 14:40:35,440 [Worker-32: Building] INFO  o.e.m.c.i.embedder.EclipseLogger - Using 'UTF-8' encoding to copy filtered resources.
2563-11-10 14:40:35,441 [Worker-32: Building] INFO  o.e.m.c.i.embedder.EclipseLogger - skip non existing resourceDirectory C:\Users\LAB203\Desktop\E-commerce-Payment\payment\src\main\resources
2563-11-10 14:40:35,443 [Worker-32: Building] INFO  o.e.m.c.i.embedder.EclipseLogger - Using 'UTF-8' encoding to copy filtered resources.
2563-11-10 14:40:35,444 [Worker-32: Building] INFO  o.e.m.c.i.embedder.EclipseLogger - skip non existing resourceDirectory C:\Users\LAB203\Desktop\E-commerce-Payment\payment\src\test\resources
2563-11-10 14:40:45,733 [Worker-33: Building] INFO  o.e.m.c.i.embedder.EclipseLogger - Using 'UTF-8' encoding to copy filtered resources.
2563-11-10 14:40:45,733 [Worker-33: Building] INFO  o.e.m.c.i.embedder.EclipseLogger - skip non existing resourceDirectory C:\Users\LAB203\Desktop\E-commerce-Payment\payment\src\main\resources
2563-11-10 14:40:45,735 [Worker-33: Building] INFO  o.e.m.c.i.embedder.EclipseLogger - Using 'UTF-8' encoding to copy filtered resources.
2563-11-10 14:40:45,735 [Worker-33: Building] INFO  o.e.m.c.i.embedder.EclipseLogger - skip non existing resourceDirectory C:\Users\LAB203\Desktop\E-commerce-Payment\payment\src\test\resources
2563-11-10 14:40:55,654 [Worker-33: Building] INFO  o.e.m.c.i.embedder.EclipseLogger - Using 'UTF-8' encoding to copy filtered resources.
2563-11-10 14:40:55,655 [Worker-33: Building] INFO  o.e.m.c.i.embedder.EclipseLogger - skip non existing resourceDirectory C:\Users\LAB203\Desktop\E-commerce-Payment\payment\src\main\resources
2563-11-10 14:40:55,656 [Worker-33: Building] INFO  o.e.m.c.i.embedder.EclipseLogger - Using 'UTF-8' encoding to copy filtered resources.
2563-11-10 14:40:55,656 [Worker-33: Building] INFO  o.e.m.c.i.embedder.EclipseLogger - skip non existing resourceDirectory C:\Users\LAB203\Desktop\E-commerce-Payment\payment\src\test\resources
2563-11-10 14:41:04,009 [Worker-32: Building] INFO  o.e.m.c.i.embedder.EclipseLogger - Using 'UTF-8' encoding to copy filtered resources.
2563-11-10 14:41:04,010 [Worker-32: Building] INFO  o.e.m.c.i.embedder.EclipseLogger - skip non existing resourceDirectory C:\Users\LAB203\Desktop\E-commerce-Payment\payment\src\main\resources
2563-11-10 14:41:04,015 [Worker-32: Building] INFO  o.e.m.c.i.embedder.EclipseLogger - Using 'UTF-8' encoding to copy filtered resources.
2563-11-10 14:41:04,015 [Worker-32: Building] INFO  o.e.m.c.i.embedder.EclipseLogger - skip non existing resourceDirectory C:\Users\LAB203\Desktop\E-commerce-Payment\payment\src\test\resources
2563-11-10 14:41:27,673 [Worker-35: Building] INFO  o.e.m.c.i.embedder.EclipseLogger - Using 'UTF-8' encoding to copy filtered resources.
2563-11-10 14:41:27,674 [Worker-35: Building] INFO  o.e.m.c.i.embedder.EclipseLogger - skip non existing resourceDirectory C:\Users\LAB203\Desktop\E-commerce-Payment\payment\src\main\resources
2563-11-10 14:41:27,675 [Worker-35: Building] INFO  o.e.m.c.i.embedder.EclipseLogger - Using 'UTF-8' encoding to copy filtered resources.
2563-11-10 14:41:27,675 [Worker-35: Building] INFO  o.e.m.c.i.embedder.EclipseLogger - skip non existing resourceDirectory C:\Users\LAB203\Desktop\E-commerce-Payment\payment\src\test\resources
2563-11-10 14:44:54,833 [Worker-28: Building] INFO  o.e.m.c.i.embedder.EclipseLogger - Using 'UTF-8' encoding to copy filtered resources.
2563-11-10 14:44:54,833 [Worker-28: Building] INFO  o.e.m.c.i.embedder.EclipseLogger - skip non existing resourceDirectory C:\Users\LAB203\Desktop\E-commerce-Payment\payment\src\main\resources
2563-11-10 14:44:54,834 [Worker-28: Building] INFO  o.e.m.c.i.embedder.EclipseLogger - Using 'UTF-8' encoding to copy filtered resources.
2563-11-10 14:44:54,835 [Worker-28: Building] INFO  o.e.m.c.i.embedder.EclipseLogger - skip non existing resourceDirectory C:\Users\LAB203\Desktop\E-commerce-Payment\payment\src\test\resources
2563-11-10 14:52:28,012 [Worker-33: Building] INFO  o.e.m.c.i.embedder.EclipseLogger - Using 'UTF-8' encoding to copy filtered resources.
2563-11-10 14:52:28,012 [Worker-33: Building] INFO  o.e.m.c.i.embedder.EclipseLogger - skip non existing resourceDirectory C:\Users\LAB203\Desktop\E-commerce-Payment\payment\src\main\resources
2563-11-10 14:52:28,013 [Worker-33: Building] INFO  o.e.m.c.i.embedder.EclipseLogger - Using 'UTF-8' encoding to copy filtered resources.
2563-11-10 14:52:28,013 [Worker-33: Building] INFO  o.e.m.c.i.embedder.EclipseLogger - skip non existing resourceDirectory C:\Users\LAB203\Desktop\E-commerce-Payment\payment\src\test\resources
2563-11-10 14:53:59,633 [Worker-42: Building] INFO  o.e.m.c.i.embedder.EclipseLogger - Using 'UTF-8' encoding to copy filtered resources.
2563-11-10 14:53:59,633 [Worker-42: Building] INFO  o.e.m.c.i.embedder.EclipseLogger - skip non existing resourceDirectory C:\Users\LAB203\Desktop\E-commerce-Payment\payment\src\main\resources
2563-11-10 14:53:59,633 [Worker-42: Building] INFO  o.e.m.c.i.embedder.EclipseLogger - Using 'UTF-8' encoding to copy filtered resources.
2563-11-10 14:53:59,633 [Worker-42: Building] INFO  o.e.m.c.i.embedder.EclipseLogger - skip non existing resourceDirectory C:\Users\LAB203\Desktop\E-commerce-Payment\payment\src\test\resources
2563-11-10 14:56:38,541 [Worker-44: Building] INFO  o.e.m.c.i.embedder.EclipseLogger - Using 'UTF-8' encoding to copy filtered resources.
2563-11-10 14:56:38,541 [Worker-44: Building] INFO  o.e.m.c.i.embedder.EclipseLogger - skip non existing resourceDirectory C:\Users\LAB203\Desktop\E-commerce-Payment\payment\src\main\resources
2563-11-10 14:56:38,542 [Worker-44: Building] INFO  o.e.m.c.i.embedder.EclipseLogger - Using 'UTF-8' encoding to copy filtered resources.
2563-11-10 14:56:38,542 [Worker-44: Building] INFO  o.e.m.c.i.embedder.EclipseLogger - skip non existing resourceDirectory C:\Users\LAB203\Desktop\E-commerce-Payment\payment\src\test\resources
2563-11-10 14:56:51,538 [Worker-39: Building] INFO  o.e.m.c.i.embedder.EclipseLogger - Using 'UTF-8' encoding to copy filtered resources.
2563-11-10 14:56:51,538 [Worker-39: Building] INFO  o.e.m.c.i.embedder.EclipseLogger - skip non existing resourceDirectory C:\Users\LAB203\Desktop\E-commerce-Payment\payment\src\main\resources
2563-11-10 14:56:51,539 [Worker-39: Building] INFO  o.e.m.c.i.embedder.EclipseLogger - Using 'UTF-8' encoding to copy filtered resources.
2563-11-10 14:56:51,539 [Worker-39: Building] INFO  o.e.m.c.i.embedder.EclipseLogger - skip non existing resourceDirectory C:\Users\LAB203\Desktop\E-commerce-Payment\payment\src\test\resources
2563-11-10 14:56:55,622 [Worker-43: Building] INFO  o.e.m.c.i.embedder.EclipseLogger - Using 'UTF-8' encoding to copy filtered resources.
2563-11-10 14:56:55,622 [Worker-43: Building] INFO  o.e.m.c.i.embedder.EclipseLogger - skip non existing resourceDirectory C:\Users\LAB203\Desktop\E-commerce-Payment\payment\src\main\resources
2563-11-10 14:56:55,623 [Worker-43: Building] INFO  o.e.m.c.i.embedder.EclipseLogger - Using 'UTF-8' encoding to copy filtered resources.
2563-11-10 14:56:55,623 [Worker-43: Building] INFO  o.e.m.c.i.embedder.EclipseLogger - skip non existing resourceDirectory C:\Users\LAB203\Desktop\E-commerce-Payment\payment\src\test\resources
2563-11-10 14:56:58,375 [Worker-41: Building] INFO  o.e.m.c.i.embedder.EclipseLogger - Using 'UTF-8' encoding to copy filtered resources.
2563-11-10 14:56:58,375 [Worker-41: Building] INFO  o.e.m.c.i.embedder.EclipseLogger - skip non existing resourceDirectory C:\Users\LAB203\Desktop\E-commerce-Payment\payment\src\main\resources
2563-11-10 14:56:58,376 [Worker-41: Building] INFO  o.e.m.c.i.embedder.EclipseLogger - Using 'UTF-8' encoding to copy filtered resources.
2563-11-10 14:56:58,377 [Worker-41: Building] INFO  o.e.m.c.i.embedder.EclipseLogger - skip non existing resourceDirectory C:\Users\LAB203\Desktop\E-commerce-Payment\payment\src\test\resources
2563-11-10 14:57:00,740 [Worker-39: Building] INFO  o.e.m.c.i.embedder.EclipseLogger - Using 'UTF-8' encoding to copy filtered resources.
2563-11-10 14:57:00,740 [Worker-39: Building] INFO  o.e.m.c.i.embedder.EclipseLogger - skip non existing resourceDirectory C:\Users\LAB203\Desktop\E-commerce-Payment\payment\src\main\resources
2563-11-10 14:57:00,741 [Worker-39: Building] INFO  o.e.m.c.i.embedder.EclipseLogger - Using 'UTF-8' encoding to copy filtered resources.
2563-11-10 14:57:00,741 [Worker-39: Building] INFO  o.e.m.c.i.embedder.EclipseLogger - skip non existing resourceDirectory C:\Users\LAB203\Desktop\E-commerce-Payment\payment\src\test\resources
2563-11-10 14:57:03,405 [Worker-39: Building] INFO  o.e.m.c.i.embedder.EclipseLogger - Using 'UTF-8' encoding to copy filtered resources.
2563-11-10 14:57:03,406 [Worker-39: Building] INFO  o.e.m.c.i.embedder.EclipseLogger - skip non existing resourceDirectory C:\Users\LAB203\Desktop\E-commerce-Payment\payment\src\main\resources
2563-11-10 14:57:03,407 [Worker-39: Building] INFO  o.e.m.c.i.embedder.EclipseLogger - Using 'UTF-8' encoding to copy filtered resources.
2563-11-10 14:57:03,407 [Worker-39: Building] INFO  o.e.m.c.i.embedder.EclipseLogger - skip non existing resourceDirectory C:\Users\LAB203\Desktop\E-commerce-Payment\payment\src\test\resources
2563-11-10 15:05:32,440 [Worker-41: Building] INFO  o.e.m.c.i.embedder.EclipseLogger - Using 'UTF-8' encoding to copy filtered resources.
2563-11-10 15:05:32,441 [Worker-41: Building] INFO  o.e.m.c.i.embedder.EclipseLogger - skip non existing resourceDirectory C:\Users\LAB203\Desktop\E-commerce-Payment\payment\src\main\resources
2563-11-10 15:05:32,441 [Worker-41: Building] INFO  o.e.m.c.i.embedder.EclipseLogger - Using 'UTF-8' encoding to copy filtered resources.
2563-11-10 15:05:32,442 [Worker-41: Building] INFO  o.e.m.c.i.embedder.EclipseLogger - skip non existing resourceDirectory C:\Users\LAB203\Desktop\E-commerce-Payment\payment\src\test\resources
2563-11-10 15:06:34,209 [Worker-39: Building] INFO  o.e.m.c.i.embedder.EclipseLogger - Using 'UTF-8' encoding to copy filtered resources.
2563-11-10 15:06:34,210 [Worker-39: Building] INFO  o.e.m.c.i.embedder.EclipseLogger - skip non existing resourceDirectory C:\Users\LAB203\Desktop\E-commerce-Payment\payment\src\main\resources
2563-11-10 15:06:34,211 [Worker-39: Building] INFO  o.e.m.c.i.embedder.EclipseLogger - Using 'UTF-8' encoding to copy filtered resources.
2563-11-10 15:06:34,211 [Worker-39: Building] INFO  o.e.m.c.i.embedder.EclipseLogger - skip non existing resourceDirectory C:\Users\LAB203\Desktop\E-commerce-Payment\payment\src\test\resources
2563-11-10 15:14:09,408 [Worker-41: Building] INFO  o.e.m.c.i.embedder.EclipseLogger - Using 'UTF-8' encoding to copy filtered resources.
2563-11-10 15:14:09,408 [Worker-41: Building] INFO  o.e.m.c.i.embedder.EclipseLogger - skip non existing resourceDirectory C:\Users\LAB203\Desktop\E-commerce-Payment\payment\src\main\resources
2563-11-10 15:14:09,409 [Worker-41: Building] INFO  o.e.m.c.i.embedder.EclipseLogger - Using 'UTF-8' encoding to copy filtered resources.
2563-11-10 15:14:09,409 [Worker-41: Building] INFO  o.e.m.c.i.embedder.EclipseLogger - skip non existing resourceDirectory C:\Users\LAB203\Desktop\E-commerce-Payment\payment\src\test\resources
2563-11-10 15:15:06,938 [Worker-43: Building] INFO  o.e.m.c.i.embedder.EclipseLogger - Using 'UTF-8' encoding to copy filtered resources.
2563-11-10 15:15:06,939 [Worker-43: Building] INFO  o.e.m.c.i.embedder.EclipseLogger - skip non existing resourceDirectory C:\Users\LAB203\Desktop\E-commerce-Payment\payment\src\main\resources
2563-11-10 15:15:06,940 [Worker-43: Building] INFO  o.e.m.c.i.embedder.EclipseLogger - Using 'UTF-8' encoding to copy filtered resources.
2563-11-10 15:15:06,940 [Worker-43: Building] INFO  o.e.m.c.i.embedder.EclipseLogger - skip non existing resourceDirectory C:\Users\LAB203\Desktop\E-commerce-Payment\payment\src\test\resources
2563-11-10 15:15:18,347 [Worker-41: Building] INFO  o.e.m.c.i.embedder.EclipseLogger - Using 'UTF-8' encoding to copy filtered resources.
2563-11-10 15:15:18,347 [Worker-41: Building] INFO  o.e.m.c.i.embedder.EclipseLogger - skip non existing resourceDirectory C:\Users\LAB203\Desktop\E-commerce-Payment\payment\src\main\resources
2563-11-10 15:15:18,348 [Worker-41: Building] INFO  o.e.m.c.i.embedder.EclipseLogger - Using 'UTF-8' encoding to copy filtered resources.
2563-11-10 15:15:18,348 [Worker-41: Building] INFO  o.e.m.c.i.embedder.EclipseLogger - skip non existing resourceDirectory C:\Users\LAB203\Desktop\E-commerce-Payment\payment\src\test\resources
2563-11-10 15:16:28,443 [Worker-46: Building] INFO  o.e.m.c.i.embedder.EclipseLogger - Using 'UTF-8' encoding to copy filtered resources.
2563-11-10 15:16:28,443 [Worker-46: Building] INFO  o.e.m.c.i.embedder.EclipseLogger - skip non existing resourceDirectory C:\Users\LAB203\Desktop\E-commerce-Payment\payment\src\main\resources
2563-11-10 15:16:28,444 [Worker-46: Building] INFO  o.e.m.c.i.embedder.EclipseLogger - Using 'UTF-8' encoding to copy filtered resources.
2563-11-10 15:16:28,444 [Worker-46: Building] INFO  o.e.m.c.i.embedder.EclipseLogger - skip non existing resourceDirectory C:\Users\LAB203\Desktop\E-commerce-Payment\payment\src\test\resources
2563-11-10 15:16:49,314 [Worker-48: Building] INFO  o.e.m.c.i.embedder.EclipseLogger - Using 'UTF-8' encoding to copy filtered resources.
2563-11-10 15:16:49,315 [Worker-48: Building] INFO  o.e.m.c.i.embedder.EclipseLogger - skip non existing resourceDirectory C:\Users\LAB203\Desktop\E-commerce-Payment\payment\src\main\resources
2563-11-10 15:16:49,315 [Worker-48: Building] INFO  o.e.m.c.i.embedder.EclipseLogger - Using 'UTF-8' encoding to copy filtered resources.
2563-11-10 15:16:49,316 [Worker-48: Building] INFO  o.e.m.c.i.embedder.EclipseLogger - skip non existing resourceDirectory C:\Users\LAB203\Desktop\E-commerce-Payment\payment\src\test\resources
2563-11-10 15:17:33,742 [Worker-41: Building] INFO  o.e.m.c.i.embedder.EclipseLogger - Using 'UTF-8' encoding to copy filtered resources.
2563-11-10 15:17:33,743 [Worker-41: Building] INFO  o.e.m.c.i.embedder.EclipseLogger - skip non existing resourceDirectory C:\Users\LAB203\Desktop\E-commerce-Payment\payment\src\main\resources
2563-11-10 15:17:33,744 [Worker-41: Building] INFO  o.e.m.c.i.embedder.EclipseLogger - Using 'UTF-8' encoding to copy filtered resources.
2563-11-10 15:17:33,744 [Worker-41: Building] INFO  o.e.m.c.i.embedder.EclipseLogger - skip non existing resourceDirectory C:\Users\LAB203\Desktop\E-commerce-Payment\payment\src\test\resources
2563-11-10 15:17:55,440 [Worker-43: Building] INFO  o.e.m.c.i.embedder.EclipseLogger - Using 'UTF-8' encoding to copy filtered resources.
2563-11-10 15:17:55,440 [Worker-43: Building] INFO  o.e.m.c.i.embedder.EclipseLogger - skip non existing resourceDirectory C:\Users\LAB203\Desktop\E-commerce-Payment\payment\src\main\resources
2563-11-10 15:17:55,441 [Worker-43: Building] INFO  o.e.m.c.i.embedder.EclipseLogger - Using 'UTF-8' encoding to copy filtered resources.
2563-11-10 15:17:55,441 [Worker-43: Building] INFO  o.e.m.c.i.embedder.EclipseLogger - skip non existing resourceDirectory C:\Users\LAB203\Desktop\E-commerce-Payment\payment\src\test\resources
2563-11-10 15:18:03,730 [Worker-39: Building] INFO  o.e.m.c.i.embedder.EclipseLogger - Using 'UTF-8' encoding to copy filtered resources.
2563-11-10 15:18:03,730 [Worker-39: Building] INFO  o.e.m.c.i.embedder.EclipseLogger - skip non existing resourceDirectory C:\Users\LAB203\Desktop\E-commerce-Payment\payment\src\main\resources
2563-11-10 15:18:03,731 [Worker-39: Building] INFO  o.e.m.c.i.embedder.EclipseLogger - Using 'UTF-8' encoding to copy filtered resources.
2563-11-10 15:18:03,731 [Worker-39: Building] INFO  o.e.m.c.i.embedder.EclipseLogger - skip non existing resourceDirectory C:\Users\LAB203\Desktop\E-commerce-Payment\payment\src\test\resources
2563-11-10 15:18:07,127 [Worker-41: Building] INFO  o.e.m.c.i.embedder.EclipseLogger - Using 'UTF-8' encoding to copy filtered resources.
2563-11-10 15:18:07,127 [Worker-41: Building] INFO  o.e.m.c.i.embedder.EclipseLogger - skip non existing resourceDirectory C:\Users\LAB203\Desktop\E-commerce-Payment\payment\src\main\resources
2563-11-10 15:18:07,128 [Worker-41: Building] INFO  o.e.m.c.i.embedder.EclipseLogger - Using 'UTF-8' encoding to copy filtered resources.
2563-11-10 15:18:07,128 [Worker-41: Building] INFO  o.e.m.c.i.embedder.EclipseLogger - skip non existing resourceDirectory C:\Users\LAB203\Desktop\E-commerce-Payment\payment\src\test\resources
2563-11-10 15:18:10,059 [Worker-39: Building] INFO  o.e.m.c.i.embedder.EclipseLogger - Using 'UTF-8' encoding to copy filtered resources.
2563-11-10 15:18:10,059 [Worker-39: Building] INFO  o.e.m.c.i.embedder.EclipseLogger - skip non existing resourceDirectory C:\Users\LAB203\Desktop\E-commerce-Payment\payment\src\main\resources
2563-11-10 15:18:10,061 [Worker-39: Building] INFO  o.e.m.c.i.embedder.EclipseLogger - Using 'UTF-8' encoding to copy filtered resources.
2563-11-10 15:18:10,061 [Worker-39: Building] INFO  o.e.m.c.i.embedder.EclipseLogger - skip non existing resourceDirectory C:\Users\LAB203\Desktop\E-commerce-Payment\payment\src\test\resources
2563-11-10 15:18:13,020 [Worker-39: Building] INFO  o.e.m.c.i.embedder.EclipseLogger - Using 'UTF-8' encoding to copy filtered resources.
2563-11-10 15:18:13,020 [Worker-39: Building] INFO  o.e.m.c.i.embedder.EclipseLogger - skip non existing resourceDirectory C:\Users\LAB203\Desktop\E-commerce-Payment\payment\src\main\resources
2563-11-10 15:18:13,021 [Worker-39: Building] INFO  o.e.m.c.i.embedder.EclipseLogger - Using 'UTF-8' encoding to copy filtered resources.
2563-11-10 15:18:13,021 [Worker-39: Building] INFO  o.e.m.c.i.embedder.EclipseLogger - skip non existing resourceDirectory C:\Users\LAB203\Desktop\E-commerce-Payment\payment\src\test\resources
2563-11-10 15:18:31,808 [Worker-49: Building] INFO  o.e.m.c.i.embedder.EclipseLogger - Using 'UTF-8' encoding to copy filtered resources.
2563-11-10 15:18:31,808 [Worker-49: Building] INFO  o.e.m.c.i.embedder.EclipseLogger - skip non existing resourceDirectory C:\Users\LAB203\Desktop\E-commerce-Payment\payment\src\main\resources
2563-11-10 15:18:31,809 [Worker-49: Building] INFO  o.e.m.c.i.embedder.EclipseLogger - Using 'UTF-8' encoding to copy filtered resources.
2563-11-10 15:18:31,809 [Worker-49: Building] INFO  o.e.m.c.i.embedder.EclipseLogger - skip non existing resourceDirectory C:\Users\LAB203\Desktop\E-commerce-Payment\payment\src\test\resources
2020-11-17 13:15:46,877 [Worker-2: Loading available Gradle versions] INFO  o.e.b.c.i.u.g.PublishedGradleVersions - Gradle version information cache is out-of-date. Trying to update.
2020-11-17 13:19:23,425 [Worker-8: Updating Maven Dependencies] INFO  o.e.m.c.i.l.LifecycleMappingFactory - Using org.eclipse.m2e.jdt.JarLifecycleMapping lifecycle mapping for MavenProject: youngNo:payment:0.0.1-SNAPSHOT @ C:\Users\USER\Desktop\third year\sop\E-commerce-Payment\payment\pom.xml.
2020-11-17 13:19:23,419 [Worker-1: Building] INFO  o.e.m.c.i.l.LifecycleMappingFactory - Using org.eclipse.m2e.jdt.JarLifecycleMapping lifecycle mapping for MavenProject: youngNo:payment:0.0.1-SNAPSHOT @ C:\Users\USER\Desktop\third year\sop\E-commerce-Payment\payment\pom.xml.
2020-11-17 13:20:00,542 [Worker-1: Building] INFO  o.e.m.c.i.embedder.EclipseLogger - Using 'UTF-8' encoding to copy filtered resources.
2020-11-17 13:20:00,543 [Worker-1: Building] INFO  o.e.m.c.i.embedder.EclipseLogger - skip non existing resourceDirectory C:\Users\USER\Desktop\third year\sop\E-commerce-Payment\payment\src\main\resources
2020-11-17 13:20:00,548 [Worker-1: Building] INFO  o.e.m.c.i.embedder.EclipseLogger - Using 'UTF-8' encoding to copy filtered resources.
2020-11-17 13:20:00,549 [Worker-1: Building] INFO  o.e.m.c.i.embedder.EclipseLogger - skip non existing resourceDirectory C:\Users\USER\Desktop\third year\sop\E-commerce-Payment\payment\src\test\resources
2020-11-17 13:20:03,344 [Worker-4: Updating Maven Dependencies] INFO  o.e.m.c.i.l.LifecycleMappingFactory - Using org.eclipse.m2e.jdt.JarLifecycleMapping lifecycle mapping for MavenProject: youngNo:payment:0.0.1-SNAPSHOT @ C:\Users\USER\Desktop\third year\sop\E-commerce-Payment\payment\pom.xml.
2020-11-17 13:20:04,549 [Worker-2: Building] INFO  o.e.m.c.i.embedder.EclipseLogger - Using 'UTF-8' encoding to copy filtered resources.
2020-11-17 13:20:04,550 [Worker-2: Building] INFO  o.e.m.c.i.embedder.EclipseLogger - skip non existing resourceDirectory C:\Users\USER\Desktop\third year\sop\E-commerce-Payment\payment\src\main\resources
2020-11-17 13:20:04,555 [Worker-2: Building] INFO  o.e.m.c.i.embedder.EclipseLogger - Using 'UTF-8' encoding to copy filtered resources.
2020-11-17 13:20:04,556 [Worker-2: Building] INFO  o.e.m.c.i.embedder.EclipseLogger - skip non existing resourceDirectory C:\Users\USER\Desktop\third year\sop\E-commerce-Payment\payment\src\test\resources
2020-11-17 13:20:06,133 [Worker-6: Building] INFO  o.e.m.c.i.embedder.EclipseLogger - Using 'UTF-8' encoding to copy filtered resources.
2020-11-17 13:20:06,134 [Worker-6: Building] INFO  o.e.m.c.i.embedder.EclipseLogger - skip non existing resourceDirectory C:\Users\USER\Desktop\third year\sop\E-commerce-Payment\payment\src\main\resources
2020-11-17 13:20:06,138 [Worker-6: Building] INFO  o.e.m.c.i.embedder.EclipseLogger - Using 'UTF-8' encoding to copy filtered resources.
2020-11-17 13:20:06,138 [Worker-6: Building] INFO  o.e.m.c.i.embedder.EclipseLogger - skip non existing resourceDirectory C:\Users\USER\Desktop\third year\sop\E-commerce-Payment\payment\src\test\resources
2020-11-17 14:00:50,499 [Worker-15: Building] INFO  o.e.m.c.i.embedder.EclipseLogger - Using 'UTF-8' encoding to copy filtered resources.
2020-11-17 14:00:50,500 [Worker-15: Building] INFO  o.e.m.c.i.embedder.EclipseLogger - skip non existing resourceDirectory C:\Users\USER\Desktop\third year\sop\E-commerce-Payment\payment\src\main\resources
2020-11-17 14:00:50,511 [Worker-15: Building] INFO  o.e.m.c.i.embedder.EclipseLogger - Using 'UTF-8' encoding to copy filtered resources.
2020-11-17 14:00:50,511 [Worker-15: Building] INFO  o.e.m.c.i.embedder.EclipseLogger - skip non existing resourceDirectory C:\Users\USER\Desktop\third year\sop\E-commerce-Payment\payment\src\test\resources
2020-11-17 14:01:32,046 [Worker-14: Building] INFO  o.e.m.c.i.embedder.EclipseLogger - Using 'UTF-8' encoding to copy filtered resources.
2020-11-17 14:01:32,047 [Worker-14: Building] INFO  o.e.m.c.i.embedder.EclipseLogger - skip non existing resourceDirectory C:\Users\USER\Desktop\third year\sop\E-commerce-Payment\payment\src\main\resources
2020-11-17 14:01:32,053 [Worker-14: Building] INFO  o.e.m.c.i.embedder.EclipseLogger - Using 'UTF-8' encoding to copy filtered resources.
2020-11-17 14:01:32,054 [Worker-14: Building] INFO  o.e.m.c.i.embedder.EclipseLogger - skip non existing resourceDirectory C:\Users\USER\Desktop\third year\sop\E-commerce-Payment\payment\src\test\resources
2020-11-17 14:01:45,225 [Worker-15: Building Workspace] INFO  o.e.m.c.i.embedder.EclipseLogger - Using 'UTF-8' encoding to copy filtered resources.
2020-11-17 14:01:45,225 [Worker-15: Building Workspace] INFO  o.e.m.c.i.embedder.EclipseLogger - skip non existing resourceDirectory C:\Users\USER\Desktop\third year\sop\E-commerce-Payment\payment\src\main\resources
2020-11-17 14:01:45,230 [Worker-15: Building Workspace] INFO  o.e.m.c.i.embedder.EclipseLogger - Using 'UTF-8' encoding to copy filtered resources.
2020-11-17 14:01:45,231 [Worker-15: Building Workspace] INFO  o.e.m.c.i.embedder.EclipseLogger - skip non existing resourceDirectory C:\Users\USER\Desktop\third year\sop\E-commerce-Payment\payment\src\test\resources
2020-11-17 14:05:52,564 [Worker-14: Building] INFO  o.e.m.c.i.embedder.EclipseLogger - Using 'UTF-8' encoding to copy filtered resources.
2020-11-17 14:05:52,565 [Worker-14: Building] INFO  o.e.m.c.i.embedder.EclipseLogger - skip non existing resourceDirectory C:\Users\USER\Desktop\third year\sop\E-commerce-Payment\payment\src\main\resources
2020-11-17 14:05:52,568 [Worker-14: Building] INFO  o.e.m.c.i.embedder.EclipseLogger - Using 'UTF-8' encoding to copy filtered resources.
2020-11-17 14:05:52,569 [Worker-14: Building] INFO  o.e.m.c.i.embedder.EclipseLogger - skip non existing resourceDirectory C:\Users\USER\Desktop\third year\sop\E-commerce-Payment\payment\src\test\resources
2020-11-17 14:06:18,975 [Worker-15: Building] INFO  o.e.m.c.i.embedder.EclipseLogger - Using 'UTF-8' encoding to copy filtered resources.
2020-11-17 14:06:18,976 [Worker-15: Building] INFO  o.e.m.c.i.embedder.EclipseLogger - skip non existing resourceDirectory C:\Users\USER\Desktop\third year\sop\E-commerce-Payment\payment\src\main\resources
2020-11-17 14:06:18,979 [Worker-15: Building] INFO  o.e.m.c.i.embedder.EclipseLogger - Using 'UTF-8' encoding to copy filtered resources.
2020-11-17 14:06:18,979 [Worker-15: Building] INFO  o.e.m.c.i.embedder.EclipseLogger - skip non existing resourceDirectory C:\Users\USER\Desktop\third year\sop\E-commerce-Payment\payment\src\test\resources
2020-11-17 14:16:22,567 [Worker-19: Building] INFO  o.e.m.c.i.embedder.EclipseLogger - Using 'UTF-8' encoding to copy filtered resources.
2020-11-17 14:16:22,568 [Worker-19: Building] INFO  o.e.m.c.i.embedder.EclipseLogger - skip non existing resourceDirectory C:\Users\USER\Desktop\third year\sop\E-commerce-Payment\payment\src\main\resources
2020-11-17 14:16:22,571 [Worker-19: Building] INFO  o.e.m.c.i.embedder.EclipseLogger - Using 'UTF-8' encoding to copy filtered resources.
2020-11-17 14:16:22,571 [Worker-19: Building] INFO  o.e.m.c.i.embedder.EclipseLogger - skip non existing resourceDirectory C:\Users\USER\Desktop\third year\sop\E-commerce-Payment\payment\src\test\resources
2020-11-17 14:16:57,168 [Worker-17: Building] INFO  o.e.m.c.i.embedder.EclipseLogger - Using 'UTF-8' encoding to copy filtered resources.
2020-11-17 14:16:57,168 [Worker-17: Building] INFO  o.e.m.c.i.embedder.EclipseLogger - skip non existing resourceDirectory C:\Users\USER\Desktop\third year\sop\E-commerce-Payment\payment\src\main\resources
2020-11-17 14:16:57,171 [Worker-17: Building] INFO  o.e.m.c.i.embedder.EclipseLogger - Using 'UTF-8' encoding to copy filtered resources.
2020-11-17 14:16:57,171 [Worker-17: Building] INFO  o.e.m.c.i.embedder.EclipseLogger - skip non existing resourceDirectory C:\Users\USER\Desktop\third year\sop\E-commerce-Payment\payment\src\test\resources
2020-11-17 14:17:56,120 [Worker-16: Building] INFO  o.e.m.c.i.embedder.EclipseLogger - Using 'UTF-8' encoding to copy filtered resources.
2020-11-17 14:17:56,121 [Worker-16: Building] INFO  o.e.m.c.i.embedder.EclipseLogger - skip non existing resourceDirectory C:\Users\USER\Desktop\third year\sop\E-commerce-Payment\payment\src\main\resources
2020-11-17 14:17:56,126 [Worker-16: Building] INFO  o.e.m.c.i.embedder.EclipseLogger - Using 'UTF-8' encoding to copy filtered resources.
2020-11-17 14:17:56,127 [Worker-16: Building] INFO  o.e.m.c.i.embedder.EclipseLogger - skip non existing resourceDirectory C:\Users\USER\Desktop\third year\sop\E-commerce-Payment\payment\src\test\resources
2020-11-17 14:21:19,522 [Worker-19: Building] INFO  o.e.m.c.i.embedder.EclipseLogger - Using 'UTF-8' encoding to copy filtered resources.
2020-11-17 14:21:19,523 [Worker-19: Building] INFO  o.e.m.c.i.embedder.EclipseLogger - skip non existing resourceDirectory C:\Users\USER\Desktop\third year\sop\E-commerce-Payment\payment\src\main\resources
2020-11-17 14:21:19,525 [Worker-19: Building] INFO  o.e.m.c.i.embedder.EclipseLogger - Using 'UTF-8' encoding to copy filtered resources.
2020-11-17 14:21:19,526 [Worker-19: Building] INFO  o.e.m.c.i.embedder.EclipseLogger - skip non existing resourceDirectory C:\Users\USER\Desktop\third year\sop\E-commerce-Payment\payment\src\test\resources
2020-11-17 14:32:04,607 [Worker-17: Building] INFO  o.e.m.c.i.embedder.EclipseLogger - Using 'UTF-8' encoding to copy filtered resources.
2020-11-17 14:32:04,608 [Worker-17: Building] INFO  o.e.m.c.i.embedder.EclipseLogger - skip non existing resourceDirectory C:\Users\USER\Desktop\third year\sop\E-commerce-Payment\payment\src\main\resources
2020-11-17 14:32:04,611 [Worker-17: Building] INFO  o.e.m.c.i.embedder.EclipseLogger - Using 'UTF-8' encoding to copy filtered resources.
2020-11-17 14:32:04,612 [Worker-17: Building] INFO  o.e.m.c.i.embedder.EclipseLogger - skip non existing resourceDirectory C:\Users\USER\Desktop\third year\sop\E-commerce-Payment\payment\src\test\resources
2020-11-17 14:33:40,906 [Worker-20: Building] INFO  o.e.m.c.i.embedder.EclipseLogger - Using 'UTF-8' encoding to copy filtered resources.
2020-11-17 14:33:40,906 [Worker-20: Building] INFO  o.e.m.c.i.embedder.EclipseLogger - skip non existing resourceDirectory C:\Users\USER\Desktop\third year\sop\E-commerce-Payment\payment\src\main\resources
2020-11-17 14:33:40,909 [Worker-20: Building] INFO  o.e.m.c.i.embedder.EclipseLogger - Using 'UTF-8' encoding to copy filtered resources.
2020-11-17 14:33:40,909 [Worker-20: Building] INFO  o.e.m.c.i.embedder.EclipseLogger - skip non existing resourceDirectory C:\Users\USER\Desktop\third year\sop\E-commerce-Payment\payment\src\test\resources
2020-11-17 14:38:41,449 [Worker-5: Building] INFO  o.e.m.c.i.embedder.EclipseLogger - Using 'UTF-8' encoding to copy filtered resources.
2020-11-17 14:38:41,449 [Worker-5: Building] INFO  o.e.m.c.i.embedder.EclipseLogger - skip non existing resourceDirectory C:\Users\USER\Desktop\third year\sop\E-commerce-Payment\payment\src\main\resources
2020-11-17 14:38:41,452 [Worker-5: Building] INFO  o.e.m.c.i.embedder.EclipseLogger - Using 'UTF-8' encoding to copy filtered resources.
2020-11-17 14:38:41,452 [Worker-5: Building] INFO  o.e.m.c.i.embedder.EclipseLogger - skip non existing resourceDirectory C:\Users\USER\Desktop\third year\sop\E-commerce-Payment\payment\src\test\resources
2020-11-17 14:39:09,822 [Worker-21: Building] INFO  o.e.m.c.i.embedder.EclipseLogger - Using 'UTF-8' encoding to copy filtered resources.
2020-11-17 14:39:09,823 [Worker-21: Building] INFO  o.e.m.c.i.embedder.EclipseLogger - skip non existing resourceDirectory C:\Users\USER\Desktop\third year\sop\E-commerce-Payment\payment\src\main\resources
2020-11-17 14:39:09,829 [Worker-21: Building] INFO  o.e.m.c.i.embedder.EclipseLogger - Using 'UTF-8' encoding to copy filtered resources.
2020-11-17 14:39:09,829 [Worker-21: Building] INFO  o.e.m.c.i.embedder.EclipseLogger - skip non existing resourceDirectory C:\Users\USER\Desktop\third year\sop\E-commerce-Payment\payment\src\test\resources
2020-11-17 14:39:26,694 [Worker-21: Building] INFO  o.e.m.c.i.embedder.EclipseLogger - Using 'UTF-8' encoding to copy filtered resources.
2020-11-17 14:39:26,695 [Worker-21: Building] INFO  o.e.m.c.i.embedder.EclipseLogger - skip non existing resourceDirectory C:\Users\USER\Desktop\third year\sop\E-commerce-Payment\payment\src\main\resources
2020-11-17 14:39:26,698 [Worker-21: Building] INFO  o.e.m.c.i.embedder.EclipseLogger - Using 'UTF-8' encoding to copy filtered resources.
2020-11-17 14:39:26,699 [Worker-21: Building] INFO  o.e.m.c.i.embedder.EclipseLogger - skip non existing resourceDirectory C:\Users\USER\Desktop\third year\sop\E-commerce-Payment\payment\src\test\resources
2020-11-17 14:43:13,684 [Worker-17: Building] INFO  o.e.m.c.i.embedder.EclipseLogger - Using 'UTF-8' encoding to copy filtered resources.
2020-11-17 14:43:13,684 [Worker-17: Building] INFO  o.e.m.c.i.embedder.EclipseLogger - skip non existing resourceDirectory C:\Users\USER\Desktop\third year\sop\E-commerce-Payment\payment\src\main\resources
2020-11-17 14:43:13,687 [Worker-17: Building] INFO  o.e.m.c.i.embedder.EclipseLogger - Using 'UTF-8' encoding to copy filtered resources.
2020-11-17 14:43:13,687 [Worker-17: Building] INFO  o.e.m.c.i.embedder.EclipseLogger - skip non existing resourceDirectory C:\Users\USER\Desktop\third year\sop\E-commerce-Payment\payment\src\test\resources
2020-11-17 14:46:44,894 [Worker-5: Building] INFO  o.e.m.c.i.embedder.EclipseLogger - Using 'UTF-8' encoding to copy filtered resources.
2020-11-17 14:46:44,895 [Worker-5: Building] INFO  o.e.m.c.i.embedder.EclipseLogger - skip non existing resourceDirectory C:\Users\USER\Desktop\third year\sop\E-commerce-Payment\payment\src\main\resources
2020-11-17 14:46:44,901 [Worker-5: Building] INFO  o.e.m.c.i.embedder.EclipseLogger - Using 'UTF-8' encoding to copy filtered resources.
2020-11-17 14:46:44,902 [Worker-5: Building] INFO  o.e.m.c.i.embedder.EclipseLogger - skip non existing resourceDirectory C:\Users\USER\Desktop\third year\sop\E-commerce-Payment\payment\src\test\resources
2020-11-17 14:51:53,059 [Worker-22: Building] INFO  o.e.m.c.i.embedder.EclipseLogger - Using 'UTF-8' encoding to copy filtered resources.
2020-11-17 14:51:53,059 [Worker-22: Building] INFO  o.e.m.c.i.embedder.EclipseLogger - skip non existing resourceDirectory C:\Users\USER\Desktop\third year\sop\E-commerce-Payment\payment\src\main\resources
2020-11-17 14:51:53,062 [Worker-22: Building] INFO  o.e.m.c.i.embedder.EclipseLogger - Using 'UTF-8' encoding to copy filtered resources.
2020-11-17 14:51:53,062 [Worker-22: Building] INFO  o.e.m.c.i.embedder.EclipseLogger - skip non existing resourceDirectory C:\Users\USER\Desktop\third year\sop\E-commerce-Payment\payment\src\test\resources
